<?xml version="1.0" encoding="UTF-8"?>
<testng-results skipped="0" failed="0" total="1" passed="1">
  <reporter-output>
  </reporter-output>
  <suite name="Suite" duration-ms="8469" started-at="2019-04-20T16:55:16Z" finished-at="2019-04-20T16:55:24Z">
    <groups>
    </groups>
    <test name="Test" duration-ms="8469" started-at="2019-04-20T16:55:16Z" finished-at="2019-04-20T16:55:24Z">
      <class name="guru.prach.BrowserOpen">
        <test-method status="PASS" signature="beforeClass()[pri:0, instance:guru.prach.BrowserOpen@4439f31e]" name="beforeClass" is-config="true" duration-ms="5659" started-at="2019-04-20T12:55:16Z" finished-at="2019-04-20T12:55:22Z">
          <reporter-output>
          </reporter-output>
        </test-method> <!-- beforeClass -->
        <test-method status="PASS" signature="verifySearchButton()[pri:0, instance:guru.prach.BrowserOpen@4439f31e]" name="verifySearchButton" duration-ms="2254" started-at="2019-04-20T12:55:22Z" finished-at="2019-04-20T12:55:24Z">
          <reporter-output>
          </reporter-output>
        </test-method> <!-- verifySearchButton -->
        <test-method status="PASS" signature="afterClass()[pri:0, instance:guru.prach.BrowserOpen@4439f31e]" name="afterClass" is-config="true" duration-ms="541" started-at="2019-04-20T12:55:24Z" finished-at="2019-04-20T12:55:24Z">
          <reporter-output>
          </reporter-output>
        </test-method> <!-- afterClass -->
      </class> <!-- guru.prach.BrowserOpen -->
    </test> <!-- Test -->
  </suite> <!-- Suite -->
</testng-results>
